0 info it worked if it ends with ok
1 verbose cli [ 'node', '/usr/local/bin/npm', 'install' ]
2 info using npm@1.4.28
3 info using node@v0.10.33
4 verbose readDependencies using package.json deps
5 verbose install where, deps [ '/Users/mko/Documents/workspace/Projects/Qi/Server/NodeJS',
5 verbose install   [ 'express',
5 verbose install     'http',
5 verbose install     'https',
5 verbose install     'body-parser',
5 verbose install     'cookie-parser',
5 verbose install     'morgan',
5 verbose install     'serve-favicon',
5 verbose install     'debug',
5 verbose install     'jade',
5 verbose install     'angular',
5 verbose install     'angular-mocks',
5 verbose install     'bootstrap',
5 verbose install     'angular-route',
5 verbose install     'angular-resource' ] ]
6 info preinstall qi@0.0.1
7 verbose readDependencies using package.json deps
8 verbose already installed skipping express@~4.9.0 /Users/mko/Documents/workspace/Projects/Qi/Server/NodeJS
9 verbose cache add [ 'http@any', null ]
10 verbose cache add name=undefined spec="http@any" args=["http@any",null]
11 verbose parsed url { protocol: null,
11 verbose parsed url   slashes: null,
11 verbose parsed url   auth: null,
11 verbose parsed url   host: null,
11 verbose parsed url   port: null,
11 verbose parsed url   hostname: null,
11 verbose parsed url   hash: null,
11 verbose parsed url   search: null,
11 verbose parsed url   query: null,
11 verbose parsed url   pathname: 'http@any',
11 verbose parsed url   path: 'http@any',
11 verbose parsed url   href: 'http@any' }
12 verbose cache add [ 'https@any', null ]
13 verbose cache add name=undefined spec="https@any" args=["https@any",null]
14 verbose parsed url { protocol: null,
14 verbose parsed url   slashes: null,
14 verbose parsed url   auth: null,
14 verbose parsed url   host: null,
14 verbose parsed url   port: null,
14 verbose parsed url   hostname: null,
14 verbose parsed url   hash: null,
14 verbose parsed url   search: null,
14 verbose parsed url   query: null,
14 verbose parsed url   pathname: 'https@any',
14 verbose parsed url   path: 'https@any',
14 verbose parsed url   href: 'https@any' }
15 verbose already installed skipping body-parser@~1.8.1 /Users/mko/Documents/workspace/Projects/Qi/Server/NodeJS
16 verbose already installed skipping cookie-parser@~1.3.3 /Users/mko/Documents/workspace/Projects/Qi/Server/NodeJS
17 verbose cache add name="http" spec="any" args=["http","any"]
18 verbose parsed url { protocol: null,
18 verbose parsed url   slashes: null,
18 verbose parsed url   auth: null,
18 verbose parsed url   host: null,
18 verbose parsed url   port: null,
18 verbose parsed url   hostname: null,
18 verbose parsed url   hash: null,
18 verbose parsed url   search: null,
18 verbose parsed url   query: null,
18 verbose parsed url   pathname: 'any',
18 verbose parsed url   path: 'any',
18 verbose parsed url   href: 'any' }
19 verbose addNamed [ 'http', 'any' ]
20 verbose addNamed [ null, null ]
21 verbose cache add name="https" spec="any" args=["https","any"]
22 verbose parsed url { protocol: null,
22 verbose parsed url   slashes: null,
22 verbose parsed url   auth: null,
22 verbose parsed url   host: null,
22 verbose parsed url   port: null,
22 verbose parsed url   hostname: null,
22 verbose parsed url   hash: null,
22 verbose parsed url   search: null,
22 verbose parsed url   query: null,
22 verbose parsed url   pathname: 'any',
22 verbose parsed url   path: 'any',
22 verbose parsed url   href: 'any' }
23 verbose addNamed [ 'https', 'any' ]
24 verbose addNamed [ null, null ]
25 verbose already installed skipping morgan@~1.3.0 /Users/mko/Documents/workspace/Projects/Qi/Server/NodeJS
26 silly lockFile 66ccb0c2-http-any http@any
27 verbose lock http@any /Users/mko/.npm/66ccb0c2-http-any.lock
28 silly lockFile b1722b09-https-any https@any
29 verbose lock https@any /Users/mko/.npm/b1722b09-https-any.lock
30 verbose already installed skipping serve-favicon@~2.1.3 /Users/mko/Documents/workspace/Projects/Qi/Server/NodeJS
31 info addNameTag [ 'http', 'any' ]
32 info addNameTag [ 'https', 'any' ]
33 verbose already installed skipping debug@~2.0.0 /Users/mko/Documents/workspace/Projects/Qi/Server/NodeJS
34 verbose already installed skipping jade@~1.6.0 /Users/mko/Documents/workspace/Projects/Qi/Server/NodeJS
35 verbose request where is /https
36 verbose request registry https://registry.npmjs.org/
37 verbose request id f8e406f10309f927
38 verbose url raw /https
39 verbose url resolving [ 'https://registry.npmjs.org/', './https' ]
40 verbose url resolved https://registry.npmjs.org/https
41 verbose request where is https://registry.npmjs.org/https
42 info trying registry request attempt 1 at 17:33:16
43 http GET https://registry.npmjs.org/https
44 verbose already installed skipping angular@~1.3.0 /Users/mko/Documents/workspace/Projects/Qi/Server/NodeJS
45 verbose already installed skipping angular-mocks@~1.3.0 /Users/mko/Documents/workspace/Projects/Qi/Server/NodeJS
46 verbose already installed skipping bootstrap@~3.1.1 /Users/mko/Documents/workspace/Projects/Qi/Server/NodeJS
47 verbose already installed skipping angular-route@~1.3.0 /Users/mko/Documents/workspace/Projects/Qi/Server/NodeJS
48 verbose already installed skipping angular-resource@~1.3.0 /Users/mko/Documents/workspace/Projects/Qi/Server/NodeJS
49 verbose request where is /http
50 verbose request registry https://registry.npmjs.org/
51 verbose url raw /http
52 verbose url resolving [ 'https://registry.npmjs.org/', './http' ]
53 verbose url resolved https://registry.npmjs.org/http
54 verbose request where is https://registry.npmjs.org/http
55 info trying registry request attempt 1 at 17:33:16
56 verbose etag "3RCYO05IYVNA6RS7FVYXTKVJ6"
57 http GET https://registry.npmjs.org/http
58 http 304 https://registry.npmjs.org/http
59 silly registry.get cb [ 304,
59 silly registry.get   { date: 'Sat, 29 Nov 2014 16:33:16 GMT',
59 silly registry.get     server: 'Apache',
59 silly registry.get     via: '1.1 varnish',
59 silly registry.get     'last-modified': 'Sat, 29 Nov 2014 16:33:16 GMT',
59 silly registry.get     'cache-control': 'max-age=60',
59 silly registry.get     etag: '"3RCYO05IYVNA6RS7FVYXTKVJ6"',
59 silly registry.get     age: '13',
59 silly registry.get     'x-served-by': 'cache-ams4137-AMS',
59 silly registry.get     'x-cache': 'HIT',
59 silly registry.get     'x-cache-hits': '1',
59 silly registry.get     'x-timer': 'S1417278796.576718,VS0,VE0',
59 silly registry.get     vary: 'Accept',
59 silly registry.get     'content-length': '0',
59 silly registry.get     'keep-alive': 'timeout=10, max=50',
59 silly registry.get     connection: 'Keep-Alive' } ]
60 verbose etag https://registry.npmjs.org/http from cache
61 silly lockFile 66ccb0c2-http-any http@any
62 silly lockFile 66ccb0c2-http-any http@any
63 http 404 https://registry.npmjs.org/https
64 verbose headers { date: 'Sat, 29 Nov 2014 16:33:17 GMT',
64 verbose headers   server: 'CouchDB/1.5.0 (Erlang OTP/R16B03)',
64 verbose headers   'content-type': 'application/json',
64 verbose headers   'cache-control': 'max-age=0',
64 verbose headers   'content-length': '52',
64 verbose headers   'accept-ranges': 'bytes',
64 verbose headers   via: '1.1 varnish',
64 verbose headers   age: '0',
64 verbose headers   'x-served-by': 'cache-ams4138-AMS',
64 verbose headers   'x-cache': 'MISS',
64 verbose headers   'x-cache-hits': '0',
64 verbose headers   'x-timer': 'S1417278796.576561,VS0,VE650',
64 verbose headers   'keep-alive': 'timeout=10, max=50',
64 verbose headers   connection: 'Keep-Alive' }
65 silly registry.get cb [ 404,
65 silly registry.get   { date: 'Sat, 29 Nov 2014 16:33:17 GMT',
65 silly registry.get     server: 'CouchDB/1.5.0 (Erlang OTP/R16B03)',
65 silly registry.get     'content-type': 'application/json',
65 silly registry.get     'cache-control': 'max-age=0',
65 silly registry.get     'content-length': '52',
65 silly registry.get     'accept-ranges': 'bytes',
65 silly registry.get     via: '1.1 varnish',
65 silly registry.get     age: '0',
65 silly registry.get     'x-served-by': 'cache-ams4138-AMS',
65 silly registry.get     'x-cache': 'MISS',
65 silly registry.get     'x-cache-hits': '0',
65 silly registry.get     'x-timer': 'S1417278796.576561,VS0,VE650',
65 silly registry.get     'keep-alive': 'timeout=10, max=50',
65 silly registry.get     connection: 'Keep-Alive' } ]
66 silly lockFile b1722b09-https-any https@any
67 silly lockFile b1722b09-https-any https@any
68 error notarget No compatible version found: http@'any'
68 error notarget Valid install targets:
68 error notarget ["0.0.0"]
68 error notarget
68 error notarget This is most likely not a problem with npm itself.
68 error notarget In most cases you or one of your dependencies are requesting
68 error notarget a package version that doesn't exist.
69 error System Darwin 14.0.0
70 error command "node" "/usr/local/bin/npm" "install"
71 error cwd /Users/mko/Documents/workspace/Projects/Qi/Server/NodeJS
72 error node -v v0.10.33
73 error npm -v 1.4.28
74 error code ETARGET
75 verbose exit [ 1, true ]
